[debug] [2022-08-09T13:22:59.369Z] ----------------------------------------------------------------------
[debug] [2022-08-09T13:22:59.371Z] Command:       /usr/local/bin/node /usr/local/bin/firebase init hosting
[debug] [2022-08-09T13:22:59.371Z] CLI Version:   11.4.0
[debug] [2022-08-09T13:22:59.371Z] Platform:      linux
[debug] [2022-08-09T13:22:59.371Z] Node Version:  v16.16.0
[debug] [2022-08-09T13:22:59.372Z] Time:          Tue Aug 09 2022 14:22:59 GMT+0100 (Central European Standard Time)
[debug] [2022-08-09T13:22:59.372Z] ----------------------------------------------------------------------
[debug] 
[debug] [2022-08-09T13:22:59.378Z] > command requires scopes: ["email","openid","https://www.googleapis.com/auth/cloudplatformprojects.readonly","https://www.googleapis.com/auth/firebase","https://www.googleapis.com/auth/cloud-platform"]
[debug] [2022-08-09T13:22:59.378Z] > authorizing via signed-in user (abdoabdo2002104h@gmail.com)
[info] 
     ######## #### ########  ######## ########     ###     ######  ########
     ##        ##  ##     ## ##       ##     ##  ##   ##  ##       ##
     ######    ##  ########  ######   ########  #########  ######  ######
     ##        ##  ##    ##  ##       ##     ## ##     ##       ## ##
     ##       #### ##     ## ######## ########  ##     ##  ######  ########

You're about to initialize a Firebase project in this directory:

  /home/abdellatif/Desktop/web

[info] 
=== Project Setup
[info] 
[info] First, let's associate this project directory with a Firebase project.
[info] You can create multiple project aliases by running firebase use --add, 
[info] but for now we'll just set up a default project.
[info] 
[debug] [2022-08-09T13:23:02.501Z] >>> [apiv2][query] GET https://firebase.googleapis.com/v1beta1/projects pageSize=100
[debug] [2022-08-09T13:23:03.194Z] <<< [apiv2][status] GET https://firebase.googleapis.com/v1beta1/projects 200
[debug] [2022-08-09T13:23:03.195Z] <<< [apiv2][body] GET https://firebase.googleapis.com/v1beta1/projects [omitted]
[info] i  Using project archdni (archdni) 
[info] 
=== Hosting Setup
[info] 
[info] Your public directory is the folder (relative to your project directory) that
[info] will contain Hosting assets to be uploaded with firebase deploy. If you
[info] have a build process for your assets, use your build's output directory.
[info] 
[debug] [2022-08-09T13:23:27.436Z] >>> [apiv2][query] GET https://www.gstatic.com/firebasejs/releases.json [none]
[debug] [2022-08-09T13:23:27.712Z] <<< [apiv2][status] GET https://www.gstatic.com/firebasejs/releases.json 200
[debug] [2022-08-09T13:23:27.713Z] <<< [apiv2][body] GET https://www.gstatic.com/firebasejs/releases.json {"current":{"version":"9.9.2","browserURL":"https://www.gstatic.com/firebasejs/9.9.2/firebase.js","packageURL":"https://www.gstatic.com/firebasejs/9.9.2/firebase.tgz"},"live":{"version":"9.9","browserURL":"https://www.gstatic.com/firebasejs/live/9.9/firebase.js","packageURL":"https://www.gstatic.com/firebasejs/live/9.9/firebase.tgz"},"components":{"analytics":"https://www.gstatic.com/firebasejs/9.9.2/firebase-analytics.js","app":"https://www.gstatic.com/firebasejs/9.9.2/firebase-app.js","app-check":"https://www.gstatic.com/firebasejs/9.9.2/firebase-app-check.js","auth":"https://www.gstatic.com/firebasejs/9.9.2/firebase-auth.js","auth/cordova":"https://www.gstatic.com/firebasejs/9.9.2/firebase-auth/cordova.js","auth/react-native":"https://www.gstatic.com/firebasejs/9.9.2/firebase-auth/react-native.js","functions":"https://www.gstatic.com/firebasejs/9.9.2/firebase-functions.js","firestore":"https://www.gstatic.com/firebasejs/9.9.2/firebase-firestore.js","firestore/lite":"https://www.gstatic.com/firebasejs/9.9.2/firebase-firestore/lite.js","installations":"https://www.gstatic.com/firebasejs/9.9.2/firebase-installations.js","storage":"https://www.gstatic.com/firebasejs/9.9.2/firebase-storage.js","performance":"https://www.gstatic.com/firebasejs/9.9.2/firebase-performance.js","remote-config":"https://www.gstatic.com/firebasejs/9.9.2/firebase-remote-config.js","messaging":"https://www.gstatic.com/firebasejs/9.9.2/firebase-messaging.js","messaging/sw":"https://www.gstatic.com/firebasejs/9.9.2/firebase-messaging/sw.js","database":"https://www.gstatic.com/firebasejs/9.9.2/firebase-database.js","firestore.memory":"https://www.gstatic.com/firebasejs/9.9.2/firebase-firestore.memory.js"}}
[info] ✔  Wrote public/index.html 
[info] 
[info] i  Didn't detect a .git folder. Assuming /home/abdellatif/Desktop/web is the project root. 
[info] i  Authorizing with GitHub to upload your service account to a GitHub repository's secrets store. 
[info] 
[info] Visit this URL on this device to log in:
[info] https://github.com/login/oauth/authorize?client_id=89cf50f02ac6aaed3484&state=1026766030&redirect_uri=http%3A%2F%2Flocalhost%3A9005&scope=read%3Auser%20repo%20public_repo
[info] 
[info] Waiting for authentication...
[debug] [2022-08-09T13:23:28.563Z] >>> [apiv2][query] POST https://github.com/login/oauth/access_token [none]
[debug] [2022-08-09T13:23:28.563Z] >>> [apiv2][body] POST https://github.com/login/oauth/access_token [stream]
[debug] [2022-08-09T13:23:29.033Z] <<< [apiv2][status] POST https://github.com/login/oauth/access_token 200
[debug] [2022-08-09T13:23:29.034Z] <<< [apiv2][body] POST https://github.com/login/oauth/access_token {"access_token":"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","token_type":"bearer","scope":"read:user,repo"}
[debug] [2022-08-09T13:23:29.056Z] >>> [apiv2][query] GET https://api.github.com/user [none]
[debug] [2022-08-09T13:23:29.522Z] <<< [apiv2][status] GET https://api.github.com/user 200
[debug] [2022-08-09T13:23:29.522Z] <<< [apiv2][body] GET https://api.github.com/user {"login":"abdelaatife","id":84049726,"node_id":"MDQ6VXNlcjg0MDQ5NzI2","avatar_url":"https://avatars.githubusercontent.com/u/84049726?v=4","gravatar_id":"","url":"https://api.github.com/users/abdelaatife","html_url":"https://github.com/abdelaatife","followers_url":"https://api.github.com/users/abdelaatife/followers","following_url":"https://api.github.com/users/abdelaatife/following{/other_user}","gists_url":"https://api.github.com/users/abdelaatife/gists{/gist_id}","starred_url":"https://api.github.com/users/abdelaatife/starred{/owner}{/repo}","subscriptions_url":"https://api.github.com/users/abdelaatife/subscriptions","organizations_url":"https://api.github.com/users/abdelaatife/orgs","repos_url":"https://api.github.com/users/abdelaatife/repos","events_url":"https://api.github.com/users/abdelaatife/events{/privacy}","received_events_url":"https://api.github.com/users/abdelaatife/received_events","type":"User","site_admin":false,"name":"Abellatif Ben Kaida ","company":null,"blog":"","location":"Djelfa , Algeria","email":"abdoabdo2002104h@gmail.com","hireable":null,"bio":null,"twitter_username":"ben_Abdellatife","public_repos":11,"public_gists":0,"followers":3,"following":2,"created_at":"2021-05-11T23:17:16Z","updated_at":"2022-08-03T19:55:40Z","private_gists":0,"total_private_repos":11,"owned_private_repos":11,"disk_usage":111744,"collaborators":0,"two_factor_authentication":false,"plan":{"name":"pro","space":976562499,"collaborators":0,"private_repos":9999}}
[info] 
[info] ✔  Success! Logged into GitHub as abdelaatife 
[info] 
